The system is: Windows - 10.0.17134 - AMD64
Compiling the C compiler identification source file "CMakeCCompilerId.c" succeeded.
Compiler: G:/Program Files (x86)/Microsoft Visual Studio/2019/Professional/VC/Tools/MSVC/14.23.28105/bin/HostX64/x64/cl.exe 
Build flags: 
Id flags:  

The output was:
0
用于 x64 的 Microsoft (R) C/C++ 优化编译器 19.23.28107 版
版权所有(C) Microsoft Corporation。保留所有权利。

CMakeCCompilerId.c
Microsoft (R) Incremental Linker Version 14.23.28107.0
Copyright (C) Microsoft Corporation.  All rights reserved.

/out:CMakeCCompilerId.exe 
CMakeCCompilerId.obj 


Compilation of the C compiler identification source "CMakeCCompilerId.c" produced "CMakeCCompilerId.exe"

Compilation of the C compiler identification source "CMakeCCompilerId.c" produced "CMakeCCompilerId.obj"

The C compiler identification is MSVC, found in "F:/forgit/gitrep/chat_socket/chat_csc/out/build/x64-Debug/CMakeFiles/3.15.19080502-MSVC_2/CompilerIdC/CMakeCCompilerId.exe"

Compiling the CXX compiler identification source file "CMakeCXXCompilerId.cpp" succeeded.
Compiler: G:/Program Files (x86)/Microsoft Visual Studio/2019/Professional/VC/Tools/MSVC/14.23.28105/bin/HostX64/x64/cl.exe 
Build flags: 
Id flags:  

The output was:
0
用于 x64 的 Microsoft (R) C/C++ 优化编译器 19.23.28107 版
版权所有(C) Microsoft Corporation。保留所有权利。

CMakeCXXCompilerId.cpp
Microsoft (R) Incremental Linker Version 14.23.28107.0
Copyright (C) Microsoft Corporation.  All rights reserved.

/out:CMakeCXXCompilerId.exe 
CMakeCXXCompilerId.obj 


Compilation of the CXX compiler identification source "CMakeCXXCompilerId.cpp" produced "CMakeCXXCompilerId.exe"

Compilation of the CXX compiler identification source "CMakeCXXCompilerId.cpp" produced "CMakeCXXCompilerId.obj"

The CXX compiler identification is MSVC, found in "F:/forgit/gitrep/chat_socket/chat_csc/out/build/x64-Debug/CMakeFiles/3.15.19080502-MSVC_2/CompilerIdCXX/CMakeCXXCompilerId.exe"

Determining if the C compiler works passed with the following output:
Change Dir: F:/forgit/gitrep/chat_socket/chat_csc/out/build/x64-Debug/CMakeFiles/CMakeTmp

Run Build Command(s):G:/Program Files (x86)/Microsoft Visual Studio/2019/Professional/Common7/IDE/CommonExtensions/Microsoft/CMake/Ninja/ninja.exe cmTC_fd662 && [1/2] Building C object CMakeFiles\cmTC_fd662.dir\testCCompiler.c.obj
[2/2] Linking C executable cmTC_fd662.exe



Detecting C compiler ABI info compiled with the following output:
Change Dir: F:/forgit/gitrep/chat_socket/chat_csc/out/build/x64-Debug/CMakeFiles/CMakeTmp

Run Build Command(s):G:/Program Files (x86)/Microsoft Visual Studio/2019/Professional/Common7/IDE/CommonExtensions/Microsoft/CMake/Ninja/ninja.exe cmTC_b1e5b && [1/2] Building C object CMakeFiles\cmTC_b1e5b.dir\CMakeCCompilerABI.c.obj
[2/2] Linking C executable cmTC_b1e5b.exe



Determining if the CXX compiler works passed with the following output:
Change Dir: F:/forgit/gitrep/chat_socket/chat_csc/out/build/x64-Debug/CMakeFiles/CMakeTmp

Run Build Command(s):G:/Program Files (x86)/Microsoft Visual Studio/2019/Professional/Common7/IDE/CommonExtensions/Microsoft/CMake/Ninja/ninja.exe cmTC_bcabc && [1/2] Building CXX object CMakeFiles\cmTC_bcabc.dir\testCXXCompiler.cxx.obj
[2/2] Linking CXX executable cmTC_bcabc.exe



Detecting CXX compiler ABI info compiled with the following output:
Change Dir: F:/forgit/gitrep/chat_socket/chat_csc/out/build/x64-Debug/CMakeFiles/CMakeTmp

Run Build Command(s):G:/Program Files (x86)/Microsoft Visual Studio/2019/Professional/Common7/IDE/CommonExtensions/Microsoft/CMake/Ninja/ninja.exe cmTC_83434 && [1/2] Building CXX object CMakeFiles\cmTC_83434.dir\CMakeCXXCompilerABI.cpp.obj
[2/2] Linking CXX executable cmTC_83434.exe



